Script started on 2024-11-01 10:43:15-04:00 [TERM="xterm-256color" TTY="/dev/pts/0" COLUMNS="223" LINES="11"]
[?2004h]0;scsiet@scsiet-VirtualBox: ~/Documents/ds_again/Lab 10/code[01;32mscsiet@scsiet-VirtualBox[00m:[01;34m~/Documents/ds_again/Lab 10/code[00m$ ./run.sh
[?2004l
bash: ./run.sh: Permission denied
[?2004h]0;scsiet@scsiet-VirtualBox: ~/Documents/ds_again/Lab 10/code[01;32mscsiet@scsiet-VirtualBox[00m:[01;34m~/Documents/ds_again/Lab 10/code[00m$ sudo sh ./[K[Krun.sh
[?2004l
[sudo] password for scsiet: 
==================================================

./ssort sorting random list with 1000 items
0.00user 0.00system 0:00.00elapsed 40%CPU (0avgtext+0avgdata 3968maxresident)k
168inputs+0outputs (1major+238minor)pagefaults 0swaps
0.00user 0.00system 0:00.00elapsed 40%CPU (0avgtext+0avgdata 3968maxresident)k
0inputs+0outputs (0major+237minor)pagefaults 0swaps
0.00user 0.00system 0:00.00elapsed 33%CPU (0avgtext+0avgdata 3968maxresident)k
0inputs+0outputs (0major+237minor)pagefaults 0swaps
==================================================

./ssort sorting random list with 5000 items
0.00user 0.00system 0:00.01elapsed 58%CPU (0avgtext+0avgdata 3840maxresident)k
104inputs+0outputs (0major+237minor)pagefaults 0swaps
0.00user 0.00system 0:00.01elapsed 100%CPU (0avgtext+0avgdata 3968maxresident)k
0inputs+0outputs (0major+237minor)pagefaults 0swaps
0.01user 0.00system 0:00.01elapsed 80%CPU (0avgtext+0avgdata 3968maxresident)k
0inputs+0outputs (0major+238minor)pagefaults 0swaps
==================================================

./ssort sorting random list with 10000 items
0.01user 0.02system 0:00.05elapsed 76%CPU (0avgtext+0avgdata 3968maxresident)k
208inputs+0outputs (0major+238minor)pagefaults 0swaps
0.03user 0.00system 0:00.04elapsed 97%CPU (0avgtext+0avgdata 3968maxresident)k
0inputs+0outputs (0major+237minor)pagefaults 0swaps
0.04user 0.00system 0:00.04elapsed 97%CPU (0avgtext+0avgdata 3968maxresident)k
0inputs+0outputs (0major+237minor)pagefaults 0swaps
==================================================

./ssort sorting random list with 15000 items
0.07user 0.00system 0:00.08elapsed 94%CPU (0avgtext+0avgdata 3840maxresident)k
312inputs+0outputs (0major+236minor)pagefaults 0swaps
0.08user 0.00system 0:00.08elapsed 98%CPU (0avgtext+0avgdata 3968maxresident)k
0inputs+0outputs (0major+238minor)pagefaults 0swaps
0.08user 0.00system 0:00.08elapsed 98%CPU (0avgtext+0avgdata 3968maxresident)k
0inputs+0outputs (0major+237minor)pagefaults 0swaps
==================================================

./ssort sorting random list with 20000 items
0.12user 0.02system 0:00.15elapsed 98%CPU (0avgtext+0avgdata 3968maxresident)k
416inputs+0outputs (0major+237minor)pagefaults 0swaps
0.12user 0.01system 0:00.14elapsed 99%CPU (0avgtext+0avgdata 3968maxresident)k
0inputs+0outputs (0major+237minor)pagefaults 0swaps
0.13user 0.00system 0:00.14elapsed 97%CPU (0avgtext+0avgdata 3840maxresident)k
0inputs+0outputs (0major+237minor)pagefaults 0swaps
==================================================

./ssort sorting random list with 25000 items
0.22user 0.00system 0:00.22elapsed 96%CPU (0avgtext+0avgdata 3968maxresident)k
512inputs+0outputs (0major+238minor)pagefaults 0swaps
0.21user 0.00system 0:00.22elapsed 99%CPU (0avgtext+0avgdata 3968maxresident)k
0inputs+0outputs (0major+238minor)pagefaults 0swaps
0.21user 0.00system 0:00.21elapsed 98%CPU (0avgtext+0avgdata 3968maxresident)k
0inputs+0outputs (0major+238minor)pagefaults 0swaps
==================================================

./ssort sorting random list with 30000 items
0.31user 0.00system 0:00.32elapsed 97%CPU (0avgtext+0avgdata 3968maxresident)k
616inputs+0outputs (0major+238minor)pagefaults 0swaps
0.30user 0.00system 0:00.31elapsed 99%CPU (0avgtext+0avgdata 3968maxresident)k
0inputs+0outputs (0major+237minor)pagefaults 0swaps
0.28user 0.03system 0:00.32elapsed 99%CPU (0avgtext+0avgdata 3840maxresident)k
0inputs+0outputs (0major+236minor)pagefaults 0swaps
==================================================

./ssort sorting random list with 100000 items
3.09user 0.36system 0:03.45elapsed 99%CPU (0avgtext+0avgdata 3968maxresident)k
2048inputs+0outputs (0major+235minor)pagefaults 0swaps
3.06user 0.38system 0:03.45elapsed 99%CPU (0avgtext+0avgdata 3968maxresident)k
0inputs+0outputs (0major+238minor)pagefaults 0swaps
3.05user 0.36system 0:03.42elapsed 99%CPU (0avgtext+0avgdata 3840maxresident)k
0inputs+0outputs (0major+237minor)pagefaults 0swaps
==================================================

./ssort sorting sorted list with 1000 items
0.00user 0.00system 0:00.00elapsed 25%CPU (0avgtext+0avgdata 3968maxresident)k
24inputs+0outputs (0major+237minor)pagefaults 0swaps
0.00user 0.00system 0:00.00elapsed 33%CPU (0avgtext+0avgdata 3968maxresident)k
0inputs+0outputs (0major+238minor)pagefaults 0swaps
0.00user 0.00system 0:00.00elapsed 100%CPU (0avgtext+0avgdata 3968maxresident)k
0inputs+0outputs (0major+236minor)pagefaults 0swaps
==================================================

./ssort sorting sorted list with 5000 items
0.00user 0.00system 0:00.02elapsed 65%CPU (0avgtext+0avgdata 3968maxresident)k
104inputs+0outputs (0major+237minor)pagefaults 0swaps
0.01user 0.00system 0:00.02elapsed 80%CPU (0avgtext+0avgdata 3968maxresident)k
0inputs+0outputs (0major+238minor)pagefaults 0swaps
0.01user 0.00system 0:00.01elapsed 100%CPU (0avgtext+0avgdata 3968maxresident)k
0inputs+0outputs (0major+238minor)pagefaults 0swaps
==================================================

./ssort sorting sorted list with 10000 items
0.04user 0.00system 0:00.05elapsed 96%CPU (0avgtext+0avgdata 3968maxresident)k
208inputs+0outputs (0major+237minor)pagefaults 0swaps
0.03user 0.01system 0:00.05elapsed 85%CPU (0avgtext+0avgdata 3968maxresident)k
0inputs+0outputs (0major+238minor)pagefaults 0swaps
0.04user 0.00system 0:00.04elapsed 97%CPU (0avgtext+0avgdata 3968maxresident)k
0inputs+0outputs (0major+237minor)pagefaults 0swaps
==================================================

./ssort sorting sorted list with 15000 items
0.09user 0.01system 0:00.11elapsed 98%CPU (0avgtext+0avgdata 3968maxresident)k
312inputs+0outputs (0major+236minor)pagefaults 0swaps
0.06user 0.04system 0:00.10elapsed 98%CPU (0avgtext+0avgdata 3968maxresident)k
0inputs+0outputs (0major+237minor)pagefaults 0swaps
0.10user 0.01system 0:00.11elapsed 100%CPU (0avgtext+0avgdata 3968maxresident)k
0inputs+0outputs (0major+237minor)pagefaults 0swaps
==================================================

./ssort sorting sorted list with 20000 items
0.15user 0.02system 0:00.18elapsed 97%CPU (0avgtext+0avgdata 3968maxresident)k
416inputs+0outputs (0major+238minor)pagefaults 0swaps
0.16user 0.02system 0:00.19elapsed 99%CPU (0avgtext+0avgdata 3968maxresident)k
0inputs+0outputs (0major+238minor)pagefaults 0swaps
0.18user 0.01system 0:00.20elapsed 100%CPU (0avgtext+0avgdata 3968maxresident)k
0inputs+0outputs (0major+238minor)pagefaults 0swaps
==================================================

./ssort sorting sorted list with 25000 items
0.25user 0.03system 0:00.29elapsed 98%CPU (0avgtext+0avgdata 3968maxresident)k
512inputs+0outputs (0major+237minor)pagefaults 0swaps
0.26user 0.01system 0:00.27elapsed 99%CPU (0avgtext+0avgdata 3968maxresident)k
0inputs+0outputs (0major+237minor)pagefaults 0swaps
0.27user 0.00system 0:00.28elapsed 98%CPU (0avgtext+0avgdata 3968maxresident)k
0inputs+0outputs (0major+237minor)pagefaults 0swaps
==================================================

./ssort sorting sorted list with 30000 items
0.41user 0.02system 0:00.44elapsed 97%CPU (0avgtext+0avgdata 3840maxresident)k
616inputs+0outputs (0major+237minor)pagefaults 0swaps
0.28user 0.14system 0:00.42elapsed 99%CPU (0avgtext+0avgdata 3968maxresident)k
0inputs+0outputs (0major+238minor)pagefaults 0swaps
0.37user 0.01system 0:00.39elapsed 98%CPU (0avgtext+0avgdata 3968maxresident)k
0inputs+0outputs (0major+237minor)pagefaults 0swaps
==================================================

./ssort sorting sorted list with 100000 items
4.46user 0.03system 0:04.50elapsed 99%CPU (0avgtext+0avgdata 3840maxresident)k
2048inputs+0outputs (0major+237minor)pagefaults 0swaps
3.74user 0.77system 0:04.56elapsed 98%CPU (0avgtext+0avgdata 3968maxresident)k
0inputs+0outputs (0major+238minor)pagefaults 0swaps
4.55user 0.05system 0:04.64elapsed 99%CPU (0avgtext+0avgdata 3840maxresident)k
0inputs+0outputs (0major+237minor)pagefaults 0swaps
==================================================

./isort sorting random list with 1000 items
0.00user 0.00system 0:00.00elapsed 100%CPU (0avgtext+0avgdata 3968maxresident)k
0inputs+0outputs (0major+239minor)pagefaults 0swaps
0.00user 0.00system 0:00.00elapsed 100%CPU (0avgtext+0avgdata 3968maxresident)k
0inputs+0outputs (0major+236minor)pagefaults 0swaps
0.00user 0.00system 0:00.00elapsed 100%CPU (0avgtext+0avgdata 3968maxresident)k
0inputs+0outputs (0major+237minor)pagefaults 0swaps
==================================================

./isort sorting random list with 5000 items
0.00user 0.00system 0:00.01elapsed 80%CPU (0avgtext+0avgdata 3968maxresident)k
0inputs+0outputs (0major+237minor)pagefaults 0swaps
0.00user 0.00system 0:00.00elapsed 88%CPU (0avgtext+0avgdata 3968maxresident)k
0inputs+0outputs (0major+236minor)pagefaults 0swaps
0.00user 0.00system 0:00.01elapsed 90%CPU (0avgtext+0avgdata 3968maxresident)k
0inputs+0outputs (0major+237minor)pagefaults 0swaps
==================================================

./isort sorting random list with 10000 items
0.02user 0.00system 0:00.02elapsed 96%CPU (0avgtext+0avgdata 3968maxresident)k
0inputs+0outputs (0major+237minor)pagefaults 0swaps
0.02user 0.00system 0:00.02elapsed 96%CPU (0avgtext+0avgdata 3968maxresident)k
0inputs+0outputs (0major+236minor)pagefaults 0swaps
0.02user 0.00system 0:00.02elapsed 96%CPU (0avgtext+0avgdata 3968maxresident)k
0inputs+0outputs (0major+237minor)pagefaults 0swaps
==================================================

./isort sorting random list with 15000 items
0.05user 0.00system 0:00.05elapsed 100%CPU (0avgtext+0avgdata 3968maxresident)k
0inputs+0outputs (0major+237minor)pagefaults 0swaps
0.05user 0.00system 0:00.05elapsed 96%CPU (0avgtext+0avgdata 3968maxresident)k
0inputs+0outputs (0major+237minor)pagefaults 0swaps
0.05user 0.00system 0:00.05elapsed 94%CPU (0avgtext+0avgdata 3840maxresident)k
0inputs+0outputs (0major+238minor)pagefaults 0swaps
==================================================

./isort sorting random list with 20000 items
0.09user 0.00system 0:00.09elapsed 97%CPU (0avgtext+0avgdata 3968maxresident)k
0inputs+0outputs (0major+238minor)pagefaults 0swaps
0.08user 0.00system 0:00.09elapsed 94%CPU (0avgtext+0avgdata 3968maxresident)k
0inputs+0outputs (0major+238minor)pagefaults 0swaps
0.08user 0.00system 0:00.09elapsed 95%CPU (0avgtext+0avgdata 3968maxresident)k
0inputs+0outputs (0major+237minor)pagefaults 0swaps
==================================================

./isort sorting random list with 25000 items
0.13user 0.01system 0:00.15elapsed 96%CPU (0avgtext+0avgdata 3968maxresident)k
0inputs+0outputs (0major+238minor)pagefaults 0swaps
0.14user 0.00system 0:00.14elapsed 99%CPU (0avgtext+0avgdata 3968maxresident)k
0inputs+0outputs (0major+238minor)pagefaults 0swaps
0.14user 0.00system 0:00.14elapsed 99%CPU (0avgtext+0avgdata 3968maxresident)k
0inputs+0outputs (0major+237minor)pagefaults 0swaps
==================================================

./isort sorting random list with 30000 items
0.19user 0.00system 0:00.20elapsed 100%CPU (0avgtext+0avgdata 3968maxresident)k
0inputs+0outputs (0major+238minor)pagefaults 0swaps
0.20user 0.00system 0:00.20elapsed 100%CPU (0avgtext+0avgdata 3968maxresident)k
0inputs+0outputs (0major+236minor)pagefaults 0swaps
0.20user 0.00system 0:00.20elapsed 99%CPU (0avgtext+0avgdata 3968maxresident)k
0inputs+0outputs (0major+236minor)pagefaults 0swaps
==================================================

./isort sorting random list with 100000 items
1.89user 0.31system 0:02.21elapsed 99%CPU (0avgtext+0avgdata 3968maxresident)k
0inputs+0outputs (0major+238minor)pagefaults 0swaps
1.93user 0.31system 0:02.26elapsed 99%CPU (0avgtext+0avgdata 3968maxresident)k
0inputs+0outputs (0major+239minor)pagefaults 0swaps
1.96user 0.23system 0:02.19elapsed 99%CPU (0avgtext+0avgdata 3968maxresident)k
0inputs+0outputs (0major+237minor)pagefaults 0swaps
==================================================

./isort sorting sorted list with 1000 items
0.00user 0.00system 0:00.00elapsed 100%CPU (0avgtext+0avgdata 3968maxresident)k
0inputs+0outputs (0major+237minor)pagefaults 0swaps
0.00user 0.00system 0:00.00elapsed 50%CPU (0avgtext+0avgdata 3968maxresident)k
0inputs+0outputs (0major+238minor)pagefaults 0swaps
0.00user 0.00system 0:00.00elapsed 100%CPU (0avgtext+0avgdata 3968maxresident)k
0inputs+0outputs (0major+237minor)pagefaults 0swaps
==================================================

./isort sorting sorted list with 5000 items
0.00user 0.00system 0:00.00elapsed 66%CPU (0avgtext+0avgdata 3968maxresident)k
0inputs+0outputs (0major+237minor)pagefaults 0swaps
0.00user 0.00system 0:00.00elapsed 66%CPU (0avgtext+0avgdata 3968maxresident)k
0inputs+0outputs (0major+236minor)pagefaults 0swaps
0.00user 0.00system 0:00.00elapsed 100%CPU (0avgtext+0avgdata 3968maxresident)k
0inputs+0outputs (0major+238minor)pagefaults 0swaps
==================================================

./isort sorting sorted list with 10000 items
0.00user 0.00system 0:00.00elapsed 80%CPU (0avgtext+0avgdata 3968maxresident)k
0inputs+0outputs (0major+237minor)pagefaults 0swaps
0.00user 0.00system 0:00.00elapsed 66%CPU (0avgtext+0avgdata 3968maxresident)k
0inputs+0outputs (0major+237minor)pagefaults 0swaps
0.00user 0.00system 0:00.00elapsed 44%CPU (0avgtext+0avgdata 3968maxresident)k
0inputs+0outputs (0major+237minor)pagefaults 0swaps
==================================================

./isort sorting sorted list with 15000 items
0.00user 0.00system 0:00.00elapsed 85%CPU (0avgtext+0avgdata 3968maxresident)k
0inputs+0outputs (0major+237minor)pagefaults 0swaps
0.00user 0.00system 0:00.00elapsed 100%CPU (0avgtext+0avgdata 3968maxresident)k
0inputs+0outputs (0major+238minor)pagefaults 0swaps
0.00user 0.00system 0:00.00elapsed 88%CPU (0avgtext+0avgdata 3968maxresident)k
0inputs+0outputs (0major+236minor)pagefaults 0swaps
==================================================

./isort sorting sorted list with 20000 items
0.00user 0.00system 0:00.00elapsed 88%CPU (0avgtext+0avgdata 3968maxresident)k
0inputs+0outputs (0major+238minor)pagefaults 0swaps
0.00user 0.00system 0:00.01elapsed 58%CPU (0avgtext+0avgdata 3968maxresident)k
0inputs+0outputs (0major+238minor)pagefaults 0swaps
0.00user 0.00system 0:00.00elapsed 100%CPU (0avgtext+0avgdata 3968maxresident)k
0inputs+0outputs (0major+239minor)pagefaults 0swaps
==================================================

./isort sorting sorted list with 25000 items
0.00user 0.00system 0:00.01elapsed 81%CPU (0avgtext+0avgdata 3968maxresident)k
0inputs+0outputs (0major+237minor)pagefaults 0swaps
0.00user 0.00system 0:00.01elapsed 61%CPU (0avgtext+0avgdata 3840maxresident)k
0inputs+0outputs (0major+236minor)pagefaults 0swaps
0.00user 0.00system 0:00.01elapsed 90%CPU (0avgtext+0avgdata 3968maxresident)k
0inputs+0outputs (0major+238minor)pagefaults 0swaps
==================================================

./isort sorting sorted list with 30000 items
0.00user 0.00system 0:00.01elapsed 66%CPU (0avgtext+0avgdata 3968maxresident)k
0inputs+0outputs (0major+236minor)pagefaults 0swaps
0.00user 0.00system 0:00.01elapsed 61%CPU (0avgtext+0avgdata 3968maxresident)k
0inputs+0outputs (0major+237minor)pagefaults 0swaps
0.00user 0.00system 0:00.01elapsed 78%CPU (0avgtext+0avgdata 3968maxresident)k
0inputs+0outputs (0major+238minor)pagefaults 0swaps
==================================================

./isort sorting sorted list with 100000 items
0.02user 0.00system 0:00.04elapsed 80%CPU (0avgtext+0avgdata 3968maxresident)k
0inputs+0outputs (0major+237minor)pagefaults 0swaps
0.03user 0.00system 0:00.03elapsed 94%CPU (0avgtext+0avgdata 3968maxresident)k
0inputs+0outputs (0major+238minor)pagefaults 0swaps
0.01user 0.01system 0:00.03elapsed 97%CPU (0avgtext+0avgdata 3968maxresident)k
0inputs+0outputs (0major+238minor)pagefaults 0swaps
==================================================

./bsort sorting random list with 1000 items
0.00user 0.00system 0:00.00elapsed 50%CPU (0avgtext+0avgdata 3968maxresident)k
0inputs+0outputs (0major+236minor)pagefaults 0swaps
0.00user 0.00system 0:00.00elapsed 60%CPU (0avgtext+0avgdata 3968maxresident)k
0inputs+0outputs (0major+239minor)pagefaults 0swaps
0.00user 0.00system 0:00.00elapsed 60%CPU (0avgtext+0avgdata 3968maxresident)k
0inputs+0outputs (0major+237minor)pagefaults 0swaps
==================================================

./bsort sorting random list with 5000 items
0.03user 0.00system 0:00.04elapsed 82%CPU (0avgtext+0avgdata 3968maxresident)k
0inputs+0outputs (0major+239minor)pagefaults 0swaps
0.03user 0.00system 0:00.03elapsed 96%CPU (0avgtext+0avgdata 3968maxresident)k
0inputs+0outputs (0major+237minor)pagefaults 0swaps
0.02user 0.01system 0:00.04elapsed 78%CPU (0avgtext+0avgdata 3840maxresident)k
0inputs+0outputs (0major+236minor)pagefaults 0swaps
==================================================

./bsort sorting random list with 10000 items
0.10user 0.00system 0:00.11elapsed 99%CPU (0avgtext+0avgdata 3968maxresident)k
0inputs+0outputs (0major+236minor)pagefaults 0swaps
0.12user 0.00system 0:00.12elapsed 98%CPU (0avgtext+0avgdata 3968maxresident)k
0inputs+0outputs (0major+237minor)pagefaults 0swaps
0.12user 0.00system 0:00.12elapsed 99%CPU (0avgtext+0avgdata 3968maxresident)k
0inputs+0outputs (0major+238minor)pagefaults 0swaps
==================================================

./bsort sorting random list with 15000 items
0.28user 0.03system 0:00.32elapsed 99%CPU (0avgtext+0avgdata 3968maxresident)k
0inputs+0outputs (0major+237minor)pagefaults 0swaps
0.30user 0.03system 0:00.33elapsed 100%CPU (0avgtext+0avgdata 3968maxresident)k
0inputs+0outputs (0major+236minor)pagefaults 0swaps
0.29user 0.03system 0:00.32elapsed 99%CPU (0avgtext+0avgdata 3968maxresident)k
0inputs+0outputs (0major+237minor)pagefaults 0swaps
==================================================

./bsort sorting random list with 20000 items
0.45user 0.15system 0:00.61elapsed 98%CPU (0avgtext+0avgdata 3968maxresident)k
0inputs+0outputs (0major+238minor)pagefaults 0swaps
0.50user 0.11system 0:00.62elapsed 100%CPU (0avgtext+0avgdata 3968maxresident)k
0inputs+0outputs (0major+237minor)pagefaults 0swaps
0.63user 0.00system 0:00.65elapsed 99%CPU (0avgtext+0avgdata 3968maxresident)k
0inputs+0outputs (0major+238minor)pagefaults 0swaps
==================================================

./bsort sorting random list with 25000 items
1.03user 0.01system 0:01.05elapsed 99%CPU (0avgtext+0avgdata 3968maxresident)k
0inputs+0outputs (0major+238minor)pagefaults 0swaps
1.04user 0.00system 0:01.04elapsed 99%CPU (0avgtext+0avgdata 3968maxresident)k
0inputs+0outputs (0major+237minor)pagefaults 0swaps
1.02user 0.01system 0:01.03elapsed 99%CPU (0avgtext+0avgdata 3968maxresident)k
0inputs+0outputs (0major+237minor)pagefaults 0swaps
==================================================

./bsort sorting random list with 30000 items
1.57user 0.02system 0:01.61elapsed 99%CPU (0avgtext+0avgdata 3840maxresident)k
0inputs+0outputs (0major+237minor)pagefaults 0swaps
1.47user 0.11system 0:01.59elapsed 99%CPU (0avgtext+0avgdata 3968maxresident)k
0inputs+0outputs (0major+238minor)pagefaults 0swaps
1.56user 0.03system 0:01.60elapsed 99%CPU (0avgtext+0avgdata 3968maxresident)k
0inputs+0outputs (0major+236minor)pagefaults 0swaps
==================================================

./bsort sorting random list with 100000 items
19.77user 0.13system 0:19.94elapsed 99%CPU (0avgtext+0avgdata 3968maxresident)k
0inputs+0outputs (0major+237minor)pagefaults 0swaps
15.34user 3.09system 0:18.43elapsed 100%CPU (0avgtext+0avgdata 3840maxresident)k
0inputs+0outputs (0major+237minor)pagefaults 0swaps
18.75user 0.10system 0:18.90elapsed 99%CPU (0avgtext+0avgdata 3840maxresident)k
0inputs+0outputs (0major+237minor)pagefaults 0swaps
==================================================

./bsort sorting sorted list with 1000 items
0.00user 0.00system 0:00.00elapsed 50%CPU (0avgtext+0avgdata 3968maxresident)k
0inputs+0outputs (0major+239minor)pagefaults 0swaps
0.00user 0.00system 0:00.00elapsed 100%CPU (0avgtext+0avgdata 3968maxresident)k
0inputs+0outputs (0major+237minor)pagefaults 0swaps
0.00user 0.00system 0:00.00elapsed 100%CPU (0avgtext+0avgdata 3968maxresident)k
0inputs+0outputs (0major+237minor)pagefaults 0swaps
==================================================

./bsort sorting sorted list with 5000 items
0.00user 0.00system 0:00.00elapsed 100%CPU (0avgtext+0avgdata 3968maxresident)k
0inputs+0outputs (0major+236minor)pagefaults 0swaps
0.00user 0.00system 0:00.00elapsed 100%CPU (0avgtext+0avgdata 3968maxresident)k
0inputs+0outputs (0major+238minor)pagefaults 0swaps
0.00user 0.00system 0:00.00elapsed 100%CPU (0avgtext+0avgdata 3968maxresident)k
0inputs+0outputs (0major+237minor)pagefaults 0swaps
==================================================

./bsort sorting sorted list with 10000 items
0.00user 0.00system 0:00.01elapsed 80%CPU (0avgtext+0avgdata 3968maxresident)k
0inputs+0outputs (0major+237minor)pagefaults 0swaps
0.00user 0.00system 0:00.04elapsed 18%CPU (0avgtext+0avgdata 3968maxresident)k
0inputs+0outputs (0major+238minor)pagefaults 0swaps
0.00user 0.00system 0:00.01elapsed 29%CPU (0avgtext+0avgdata 3840maxresident)k
0inputs+0outputs (0major+237minor)pagefaults 0swaps
==================================================

./bsort sorting sorted list with 15000 items
0.00user 0.00system 0:00.01elapsed 46%CPU (0avgtext+0avgdata 3968maxresident)k
0inputs+0outputs (0major+237minor)pagefaults 0swaps
0.00user 0.00system 0:00.00elapsed 77%CPU (0avgtext+0avgdata 3968maxresident)k
0inputs+0outputs (0major+237minor)pagefaults 0swaps
0.00user 0.00system 0:00.00elapsed 75%CPU (0avgtext+0avgdata 3968maxresident)k
0inputs+0outputs (0major+238minor)pagefaults 0swaps
==================================================

./bsort sorting sorted list with 20000 items
0.00user 0.00system 0:00.01elapsed 53%CPU (0avgtext+0avgdata 3968maxresident)k
0inputs+0outputs (0major+237minor)pagefaults 0swaps
0.00user 0.00system 0:00.01elapsed 60%CPU (0avgtext+0avgdata 3968maxresident)k
0inputs+0outputs (0major+237minor)pagefaults 0swaps
0.00user 0.00system 0:00.01elapsed 56%CPU (0avgtext+0avgdata 3968maxresident)k
0inputs+0outputs (0major+237minor)pagefaults 0swaps
==================================================

./bsort sorting sorted list with 25000 items
0.01user 0.00system 0:00.04elapsed 39%CPU (0avgtext+0avgdata 3968maxresident)k
0inputs+0outputs (0major+237minor)pagefaults 0swaps
0.00user 0.00system 0:00.01elapsed 50%CPU (0avgtext+0avgdata 3968maxresident)k
0inputs+0outputs (0major+235minor)pagefaults 0swaps
0.00user 0.00system 0:00.01elapsed 75%CPU (0avgtext+0avgdata 3968maxresident)k
0inputs+0outputs (0major+236minor)pagefaults 0swaps
==================================================

./bsort sorting sorted list with 30000 items
0.00user 0.00system 0:00.02elapsed 41%CPU (0avgtext+0avgdata 3968maxresident)k
0inputs+0outputs (0major+237minor)pagefaults 0swaps
0.00user 0.00system 0:00.02elapsed 50%CPU (0avgtext+0avgdata 3840maxresident)k
0inputs+0outputs (0major+236minor)pagefaults 0swaps
0.00user 0.00system 0:00.01elapsed 78%CPU (0avgtext+0avgdata 3840maxresident)k
0inputs+0outputs (0major+237minor)pagefaults 0swaps
==================================================

./bsort sorting sorted list with 100000 items
0.01user 0.01system 0:00.03elapsed 89%CPU (0avgtext+0avgdata 3840maxresident)k
0inputs+0outputs (0major+237minor)pagefaults 0swaps
0.01user 0.01system 0:00.03elapsed 91%CPU (0avgtext+0avgdata 3968maxresident)k
0inputs+0outputs (0major+238minor)pagefaults 0swaps
0.03user 0.01system 0:00.05elapsed 94%CPU (0avgtext+0avgdata 3968maxresident)k
0inputs+0outputs (0major+238minor)pagefaults 0swaps
==================================================

./qsort sorting random list with 1000 items
0.00user 0.00system 0:00.00elapsed 33%CPU (0avgtext+0avgdata 3840maxresident)k
0inputs+0outputs (0major+237minor)pagefaults 0swaps
0.00user 0.00system 0:00.00elapsed 33%CPU (0avgtext+0avgdata 3968maxresident)k
0inputs+0outputs (0major+238minor)pagefaults 0swaps
0.00user 0.00system 0:00.00elapsed 100%CPU (0avgtext+0avgdata 3968maxresident)k
0inputs+0outputs (0major+237minor)pagefaults 0swaps
==================================================

./qsort sorting random list with 5000 items
0.00user 0.00system 0:00.00elapsed 100%CPU (0avgtext+0avgdata 3968maxresident)k
0inputs+0outputs (0major+237minor)pagefaults 0swaps
0.00user 0.00system 0:00.00elapsed 50%CPU (0avgtext+0avgdata 3968maxresident)k
0inputs+0outputs (0major+235minor)pagefaults 0swaps
0.00user 0.00system 0:00.00elapsed 100%CPU (0avgtext+0avgdata 3968maxresident)k
0inputs+0outputs (0major+238minor)pagefaults 0swaps
==================================================

./qsort sorting random list with 10000 items
0.00user 0.00system 0:00.00elapsed 87%CPU (0avgtext+0avgdata 3840maxresident)k
0inputs+0outputs (0major+236minor)pagefaults 0swaps
0.00user 0.00system 0:00.00elapsed 66%CPU (0avgtext+0avgdata 3840maxresident)k
0inputs+0outputs (0major+237minor)pagefaults 0swaps
0.00user 0.00system 0:00.00elapsed 55%CPU (0avgtext+0avgdata 3968maxresident)k
0inputs+0outputs (0major+238minor)pagefaults 0swaps
==================================================

./qsort sorting random list with 15000 items
0.00user 0.00system 0:00.00elapsed 77%CPU (0avgtext+0avgdata 3968maxresident)k
0inputs+0outputs (0major+237minor)pagefaults 0swaps
0.00user 0.00system 0:00.01elapsed 80%CPU (0avgtext+0avgdata 3968maxresident)k
0inputs+0outputs (0major+237minor)pagefaults 0swaps
0.00user 0.00system 0:00.00elapsed 85%CPU (0avgtext+0avgdata 3968maxresident)k
0inputs+0outputs (0major+237minor)pagefaults 0swaps
==================================================

./qsort sorting random list with 20000 items
0.00user 0.00system 0:00.01elapsed 100%CPU (0avgtext+0avgdata 3968maxresident)k
0inputs+0outputs (0major+237minor)pagefaults 0swaps
0.00user 0.00system 0:00.01elapsed 81%CPU (0avgtext+0avgdata 3968maxresident)k
0inputs+0outputs (0major+237minor)pagefaults 0swaps
0.00user 0.00system 0:00.00elapsed 100%CPU (0avgtext+0avgdata 3968maxresident)k
0inputs+0outputs (0major+238minor)pagefaults 0swaps
==================================================

./qsort sorting random list with 25000 items
0.01user 0.00system 0:00.01elapsed 100%CPU (0avgtext+0avgdata 3968maxresident)k
0inputs+0outputs (0major+236minor)pagefaults 0swaps
0.00user 0.00system 0:00.02elapsed 56%CPU (0avgtext+0avgdata 3968maxresident)k
0inputs+0outputs (0major+237minor)pagefaults 0swaps
0.00user 0.00system 0:00.01elapsed 85%CPU (0avgtext+0avgdata 3968maxresident)k
0inputs+0outputs (0major+237minor)pagefaults 0swaps
==================================================

./qsort sorting random list with 30000 items
0.01user 0.00system 0:00.01elapsed 89%CPU (0avgtext+0avgdata 3968maxresident)k
0inputs+0outputs (0major+236minor)pagefaults 0swaps
0.01user 0.00system 0:00.01elapsed 94%CPU (0avgtext+0avgdata 3968maxresident)k
0inputs+0outputs (0major+238minor)pagefaults 0swaps
0.01user 0.00system 0:00.01elapsed 83%CPU (0avgtext+0avgdata 3968maxresident)k
0inputs+0outputs (0major+238minor)pagefaults 0swaps
==================================================

./qsort sorting random list with 100000 items
0.03user 0.00system 0:00.05elapsed 88%CPU (0avgtext+0avgdata 3968maxresident)k
0inputs+0outputs (0major+239minor)pagefaults 0swaps
0.02user 0.01system 0:00.05elapsed 90%CPU (0avgtext+0avgdata 3840maxresident)k
0inputs+0outputs (0major+236minor)pagefaults 0swaps
0.05user 0.01system 0:00.06elapsed 89%CPU (0avgtext+0avgdata 3968maxresident)k
0inputs+0outputs (0major+238minor)pagefaults 0swaps
==================================================

./qsort sorting sorted list with 1000 items
0.00user 0.00system 0:00.00elapsed 75%CPU (0avgtext+0avgdata 3968maxresident)k
0inputs+0outputs (0major+248minor)pagefaults 0swaps
0.00user 0.00system 0:00.00elapsed 100%CPU (0avgtext+0avgdata 4096maxresident)k
0inputs+0outputs (0major+249minor)pagefaults 0swaps
0.00user 0.00system 0:00.00elapsed 100%CPU (0avgtext+0avgdata 3968maxresident)k
0inputs+0outputs (0major+248minor)pagefaults 0swaps
==================================================

./qsort sorting sorted list with 5000 items
0.00user 0.00system 0:00.01elapsed 100%CPU (0avgtext+0avgdata 4224maxresident)k
0inputs+0outputs (0major+295minor)pagefaults 0swaps
0.01user 0.00system 0:00.01elapsed 68%CPU (0avgtext+0avgdata 4224maxresident)k
0inputs+0outputs (0major+295minor)pagefaults 0swaps
0.00user 0.00system 0:00.01elapsed 66%CPU (0avgtext+0avgdata 4096maxresident)k
0inputs+0outputs (0major+296minor)pagefaults 0swaps
==================================================

./qsort sorting sorted list with 10000 items
0.01user 0.01system 0:00.04elapsed 76%CPU (0avgtext+0avgdata 4480maxresident)k
0inputs+0outputs (0major+355minor)pagefaults 0swaps
0.03user 0.00system 0:00.05elapsed 76%CPU (0avgtext+0avgdata 4480maxresident)k
0inputs+0outputs (0major+353minor)pagefaults 0swaps
0.02user 0.01system 0:00.04elapsed 82%CPU (0avgtext+0avgdata 4480maxresident)k
0inputs+0outputs (0major+353minor)pagefaults 0swaps
==================================================

./qsort sorting sorted list with 15000 items
0.04user 0.03system 0:00.07elapsed 100%CPU (0avgtext+0avgdata 4736maxresident)k
0inputs+0outputs (0major+412minor)pagefaults 0swaps
0.03user 0.03system 0:00.07elapsed 100%CPU (0avgtext+0avgdata 4736maxresident)k
0inputs+0outputs (0major+413minor)pagefaults 0swaps
0.08user 0.00system 0:00.08elapsed 95%CPU (0avgtext+0avgdata 4736maxresident)k
0inputs+0outputs (0major+413minor)pagefaults 0swaps
==================================================

./qsort sorting sorted list with 20000 items
0.22user 0.00system 0:00.23elapsed 99%CPU (0avgtext+0avgdata 4864maxresident)k
0inputs+0outputs (0major+473minor)pagefaults 0swaps
0.19user 0.01system 0:00.20elapsed 99%CPU (0avgtext+0avgdata 4864maxresident)k
0inputs+0outputs (0major+471minor)pagefaults 0swaps
0.20user 0.00system 0:00.21elapsed 99%CPU (0avgtext+0avgdata 4864maxresident)k
0inputs+0outputs (0major+471minor)pagefaults 0swaps
==================================================

./qsort sorting sorted list with 25000 items
0.31user 0.00system 0:00.32elapsed 99%CPU (0avgtext+0avgdata 5120maxresident)k
0inputs+0outputs (0major+530minor)pagefaults 0swaps
0.02user 0.00system 0:00.22elapsed 13%CPU (0avgtext+0avgdata 5120maxresident)k
0inputs+0outputs (0major+530minor)pagefaults 0swaps
0.00user 0.00system 0:00.20elapsed 0%CPU (0avgtext+0avgdata 5120maxresident)k
0inputs+0outputs (0major+529minor)pagefaults 0swaps
==================================================

./qsort sorting sorted list with 30000 items
0.15user 0.15system 0:00.30elapsed 99%CPU (0avgtext+0avgdata 5376maxresident)k
0inputs+0outputs (0major+590minor)pagefaults 0swaps
0.07user 0.03system 0:00.30elapsed 36%CPU (0avgtext+0avgdata 5376maxresident)k
0inputs+0outputs (0major+589minor)pagefaults 0swaps
0.29user 0.00system 0:00.32elapsed 94%CPU (0avgtext+0avgdata 5376maxresident)k
0inputs+0outputs (0major+589minor)pagefaults 0swaps
==================================================

./qsort sorting sorted list with 100000 items
3.22user 0.14system 0:03.38elapsed 99%CPU (0avgtext+0avgdata 8448maxresident)k
0inputs+0outputs (0major+1408minor)pagefaults 0swaps
3.32user 0.00system 0:03.33elapsed 99%CPU (0avgtext+0avgdata 8704maxresident)k
0inputs+0outputs (0major+1409minor)pagefaults 0swaps
3.32user 0.01system 0:03.34elapsed 99%CPU (0avgtext+0avgdata 8704maxresident)k
0inputs+0outputs (0major+1408minor)pagefaults 0swaps
==================================================

./msort sorting random list with 1000 items
0.00user 0.00system 0:00.00elapsed 50%CPU (0avgtext+0avgdata 3968maxresident)k
0inputs+0outputs (0major+239minor)pagefaults 0swaps
0.00user 0.00system 0:00.00elapsed 66%CPU (0avgtext+0avgdata 3968maxresident)k
0inputs+0outputs (0major+237minor)pagefaults 0swaps
0.00user 0.00system 0:00.00elapsed 100%CPU (0avgtext+0avgdata 3968maxresident)k
0inputs+0outputs (0major+237minor)pagefaults 0swaps
==================================================

./msort sorting random list with 5000 items
0.00user 0.00system 0:00.00elapsed 100%CPU (0avgtext+0avgdata 3968maxresident)k
0inputs+0outputs (0major+240minor)pagefaults 0swaps
0.00user 0.00system 0:00.00elapsed 75%CPU (0avgtext+0avgdata 3968maxresident)k
0inputs+0outputs (0major+241minor)pagefaults 0swaps
0.00user 0.00system 0:00.00elapsed 100%CPU (0avgtext+0avgdata 3968maxresident)k
0inputs+0outputs (0major+241minor)pagefaults 0swaps
==================================================

./msort sorting random list with 10000 items
0.00user 0.00system 0:00.00elapsed 66%CPU (0avgtext+0avgdata 3968maxresident)k
0inputs+0outputs (0major+246minor)pagefaults 0swaps
0.00user 0.00system 0:00.00elapsed 100%CPU (0avgtext+0avgdata 3968maxresident)k
0inputs+0outputs (0major+244minor)pagefaults 0swaps
0.00user 0.00system 0:00.00elapsed 83%CPU (0avgtext+0avgdata 3968maxresident)k
0inputs+0outputs (0major+247minor)pagefaults 0swaps
==================================================

./msort sorting random list with 15000 items
0.00user 0.00system 0:00.01elapsed 63%CPU (0avgtext+0avgdata 4096maxresident)k
0inputs+0outputs (0major+251minor)pagefaults 0swaps
0.00user 0.00system 0:00.01elapsed 50%CPU (0avgtext+0avgdata 4096maxresident)k
0inputs+0outputs (0major+248minor)pagefaults 0swaps
0.00user 0.00system 0:00.00elapsed 100%CPU (0avgtext+0avgdata 4096maxresident)k
0inputs+0outputs (0major+250minor)pagefaults 0swaps
==================================================

./msort sorting random list with 20000 items
0.00user 0.00system 0:00.01elapsed 100%CPU (0avgtext+0avgdata 4096maxresident)k
0inputs+0outputs (0major+256minor)pagefaults 0swaps
0.00user 0.00system 0:00.01elapsed 90%CPU (0avgtext+0avgdata 4096maxresident)k
0inputs+0outputs (0major+255minor)pagefaults 0swaps
0.00user 0.00system 0:00.00elapsed 88%CPU (0avgtext+0avgdata 4096maxresident)k
0inputs+0outputs (0major+255minor)pagefaults 0swaps
==================================================

./msort sorting random list with 25000 items
0.00user 0.00system 0:00.01elapsed 91%CPU (0avgtext+0avgdata 4096maxresident)k
0inputs+0outputs (0major+261minor)pagefaults 0swaps
0.00user 0.00system 0:00.01elapsed 100%CPU (0avgtext+0avgdata 4096maxresident)k
0inputs+0outputs (0major+262minor)pagefaults 0swaps
0.01user 0.00system 0:00.01elapsed 91%CPU (0avgtext+0avgdata 4096maxresident)k
0inputs+0outputs (0major+260minor)pagefaults 0swaps
==================================================

./msort sorting random list with 30000 items
0.01user 0.00system 0:00.01elapsed 72%CPU (0avgtext+0avgdata 4096maxresident)k
0inputs+0outputs (0major+265minor)pagefaults 0swaps
0.01user 0.00system 0:00.01elapsed 93%CPU (0avgtext+0avgdata 4096maxresident)k
0inputs+0outputs (0major+266minor)pagefaults 0swaps
0.00user 0.00system 0:00.01elapsed 93%CPU (0avgtext+0avgdata 4096maxresident)k
0inputs+0outputs (0major+265minor)pagefaults 0swaps
==================================================

./msort sorting random list with 100000 items
0.03user 0.00system 0:00.04elapsed 97%CPU (0avgtext+0avgdata 4048maxresident)k
0inputs+0outputs (0major+335minor)pagefaults 0swaps
0.03user 0.00system 0:00.04elapsed 95%CPU (0avgtext+0avgdata 3968maxresident)k
0inputs+0outputs (0major+336minor)pagefaults 0swaps
0.03user 0.00system 0:00.04elapsed 97%CPU (0avgtext+0avgdata 4048maxresident)k
0inputs+0outputs (0major+335minor)pagefaults 0swaps
==================================================

./msort sorting sorted list with 1000 items
0.00user 0.00system 0:00.00elapsed 100%CPU (0avgtext+0avgdata 3968maxresident)k
0inputs+0outputs (0major+238minor)pagefaults 0swaps
0.00user 0.00system 0:00.00elapsed 100%CPU (0avgtext+0avgdata 3968maxresident)k
0inputs+0outputs (0major+238minor)pagefaults 0swaps
0.00user 0.00system 0:00.00elapsed 66%CPU (0avgtext+0avgdata 3968maxresident)k
0inputs+0outputs (0major+238minor)pagefaults 0swaps
==================================================

./msort sorting sorted list with 5000 items
0.00user 0.00system 0:00.00elapsed 33%CPU (0avgtext+0avgdata 3968maxresident)k
0inputs+0outputs (0major+243minor)pagefaults 0swaps
0.00user 0.00system 0:00.00elapsed 100%CPU (0avgtext+0avgdata 3968maxresident)k
0inputs+0outputs (0major+240minor)pagefaults 0swaps
0.00user 0.00system 0:00.00elapsed 66%CPU (0avgtext+0avgdata 3968maxresident)k
0inputs+0outputs (0major+242minor)pagefaults 0swaps
==================================================

./msort sorting sorted list with 10000 items
0.00user 0.00system 0:00.00elapsed 100%CPU (0avgtext+0avgdata 3968maxresident)k
0inputs+0outputs (0major+245minor)pagefaults 0swaps
0.00user 0.00system 0:00.00elapsed 100%CPU (0avgtext+0avgdata 3968maxresident)k
0inputs+0outputs (0major+246minor)pagefaults 0swaps
0.00user 0.00system 0:00.00elapsed 80%CPU (0avgtext+0avgdata 3968maxresident)k
0inputs+0outputs (0major+245minor)pagefaults 0swaps
==================================================

./msort sorting sorted list with 15000 items
0.00user 0.00system 0:00.00elapsed 100%CPU (0avgtext+0avgdata 4096maxresident)k
0inputs+0outputs (0major+251minor)pagefaults 0swaps
0.00user 0.00system 0:00.01elapsed 42%CPU (0avgtext+0avgdata 4096maxresident)k
0inputs+0outputs (0major+250minor)pagefaults 0swaps
0.00user 0.00system 0:00.01elapsed 58%CPU (0avgtext+0avgdata 4096maxresident)k
0inputs+0outputs (0major+250minor)pagefaults 0swaps
==================================================

./msort sorting sorted list with 20000 items
0.00user 0.00system 0:00.02elapsed 42%CPU (0avgtext+0avgdata 4096maxresident)k
0inputs+0outputs (0major+256minor)pagefaults 0swaps
0.00user 0.00system 0:00.01elapsed 66%CPU (0avgtext+0avgdata 4096maxresident)k
0inputs+0outputs (0major+256minor)pagefaults 0swaps
0.00user 0.00system 0:00.01elapsed 90%CPU (0avgtext+0avgdata 4096maxresident)k
0inputs+0outputs (0major+254minor)pagefaults 0swaps
==================================================

./msort sorting sorted list with 25000 items
0.00user 0.00system 0:00.01elapsed 83%CPU (0avgtext+0avgdata 4096maxresident)k
0inputs+0outputs (0major+260minor)pagefaults 0swaps
0.00user 0.00system 0:00.01elapsed 91%CPU (0avgtext+0avgdata 4096maxresident)k
0inputs+0outputs (0major+261minor)pagefaults 0swaps
0.00user 0.00system 0:00.01elapsed 90%CPU (0avgtext+0avgdata 4096maxresident)k
0inputs+0outputs (0major+262minor)pagefaults 0swaps
==================================================

./msort sorting sorted list with 30000 items
0.00user 0.00system 0:00.01elapsed 100%CPU (0avgtext+0avgdata 4096maxresident)k
0inputs+0outputs (0major+266minor)pagefaults 0swaps
0.01user 0.00system 0:00.01elapsed 63%CPU (0avgtext+0avgdata 4096maxresident)k
0inputs+0outputs (0major+266minor)pagefaults 0swaps
0.00user 0.00system 0:00.01elapsed 66%CPU (0avgtext+0avgdata 4096maxresident)k
0inputs+0outputs (0major+265minor)pagefaults 0swaps
==================================================

./msort sorting sorted list with 100000 items
0.01user 0.02system 0:00.04elapsed 80%CPU (0avgtext+0avgdata 4048maxresident)k
0inputs+0outputs (0major+336minor)pagefaults 0swaps
0.03user 0.00system 0:00.04elapsed 85%CPU (0avgtext+0avgdata 4048maxresident)k
0inputs+0outputs (0major+335minor)pagefaults 0swaps
0.02user 0.00system 0:00.05elapsed 68%CPU (0avgtext+0avgdata 4048maxresident)k
0inputs+0outputs (0major+335minor)pagefaults 0swaps
==================================================

./hsort sorting random list with 1000 items
0.00user 0.00system 0:00.00elapsed 100%CPU (0avgtext+0avgdata 3968maxresident)k
0inputs+0outputs (0major+237minor)pagefaults 0swaps
0.00user 0.00system 0:00.00elapsed 100%CPU (0avgtext+0avgdata 3968maxresident)k
0inputs+0outputs (0major+237minor)pagefaults 0swaps
0.00user 0.00system 0:00.00elapsed 100%CPU (0avgtext+0avgdata 3968maxresident)k
0inputs+0outputs (0major+238minor)pagefaults 0swaps
==================================================

./hsort sorting random list with 5000 items
0.00user 0.00system 0:00.00elapsed 33%CPU (0avgtext+0avgdata 3968maxresident)k
0inputs+0outputs (0major+238minor)pagefaults 0swaps
0.00user 0.00system 0:00.00elapsed 80%CPU (0avgtext+0avgdata 3968maxresident)k
0inputs+0outputs (0major+236minor)pagefaults 0swaps
0.00user 0.00system 0:00.00elapsed 42%CPU (0avgtext+0avgdata 3968maxresident)k
0inputs+0outputs (0major+237minor)pagefaults 0swaps
==================================================

./hsort sorting random list with 10000 items
0.00user 0.00system 0:00.00elapsed 100%CPU (0avgtext+0avgdata 3968maxresident)k
0inputs+0outputs (0major+237minor)pagefaults 0swaps
0.00user 0.00system 0:00.00elapsed 100%CPU (0avgtext+0avgdata 3968maxresident)k
0inputs+0outputs (0major+238minor)pagefaults 0swaps
0.00user 0.00system 0:00.00elapsed 85%CPU (0avgtext+0avgdata 3968maxresident)k
0inputs+0outputs (0major+238minor)pagefaults 0swaps
==================================================

./hsort sorting random list with 15000 items
0.00user 0.00system 0:00.00elapsed 100%CPU (0avgtext+0avgdata 3968maxresident)k
0inputs+0outputs (0major+236minor)pagefaults 0swaps
0.00user 0.00system 0:00.00elapsed 100%CPU (0avgtext+0avgdata 3968maxresident)k
0inputs+0outputs (0major+237minor)pagefaults 0swaps
0.00user 0.00system 0:00.01elapsed 46%CPU (0avgtext+0avgdata 3968maxresident)k
0inputs+0outputs (0major+238minor)pagefaults 0swaps
==================================================

./hsort sorting random list with 20000 items
0.00user 0.00system 0:00.01elapsed 90%CPU (0avgtext+0avgdata 3968maxresident)k
0inputs+0outputs (0major+238minor)pagefaults 0swaps
0.00user 0.00system 0:00.01elapsed 90%CPU (0avgtext+0avgdata 3968maxresident)k
0inputs+0outputs (0major+238minor)pagefaults 0swaps
0.00user 0.00system 0:00.01elapsed 90%CPU (0avgtext+0avgdata 3968maxresident)k
0inputs+0outputs (0major+237minor)pagefaults 0swaps
==================================================

./hsort sorting random list with 25000 items
0.01user 0.00system 0:00.01elapsed 100%CPU (0avgtext+0avgdata 3968maxresident)k
0inputs+0outputs (0major+238minor)pagefaults 0swaps
0.01user 0.00system 0:00.01elapsed 100%CPU (0avgtext+0avgdata 3968maxresident)k
0inputs+0outputs (0major+238minor)pagefaults 0swaps
0.00user 0.00system 0:00.01elapsed 63%CPU (0avgtext+0avgdata 3968maxresident)k
0inputs+0outputs (0major+237minor)pagefaults 0swaps
==================================================

./hsort sorting random list with 30000 items
0.01user 0.00system 0:00.01elapsed 92%CPU (0avgtext+0avgdata 3968maxresident)k
0inputs+0outputs (0major+238minor)pagefaults 0swaps
0.01user 0.00system 0:00.02elapsed 70%CPU (0avgtext+0avgdata 3968maxresident)k
0inputs+0outputs (0major+237minor)pagefaults 0swaps
0.01user 0.00system 0:00.02elapsed 72%CPU (0avgtext+0avgdata 3968maxresident)k
0inputs+0outputs (0major+238minor)pagefaults 0swaps
==================================================

./hsort sorting random list with 100000 items
0.03user 0.01system 0:00.04elapsed 91%CPU (0avgtext+0avgdata 3968maxresident)k
0inputs+0outputs (0major+238minor)pagefaults 0swaps
0.03user 0.01system 0:00.04elapsed 97%CPU (0avgtext+0avgdata 3968maxresident)k
0inputs+0outputs (0major+238minor)pagefaults 0swaps
0.03user 0.00system 0:00.04elapsed 97%CPU (0avgtext+0avgdata 3968maxresident)k
0inputs+0outputs (0major+238minor)pagefaults 0swaps
==================================================

./hsort sorting sorted list with 1000 items
0.00user 0.00system 0:00.00elapsed 66%CPU (0avgtext+0avgdata 3968maxresident)k
0inputs+0outputs (0major+237minor)pagefaults 0swaps
0.00user 0.00system 0:00.00elapsed 50%CPU (0avgtext+0avgdata 3968maxresident)k
0inputs+0outputs (0major+238minor)pagefaults 0swaps
0.00user 0.00system 0:00.00elapsed 100%CPU (0avgtext+0avgdata 3968maxresident)k
0inputs+0outputs (0major+237minor)pagefaults 0swaps
==================================================

./hsort sorting sorted list with 5000 items
0.00user 0.00system 0:00.00elapsed 66%CPU (0avgtext+0avgdata 3968maxresident)k
0inputs+0outputs (0major+237minor)pagefaults 0swaps
0.00user 0.00system 0:00.00elapsed 75%CPU (0avgtext+0avgdata 3968maxresident)k
0inputs+0outputs (0major+237minor)pagefaults 0swaps
0.00user 0.00system 0:00.00elapsed 50%CPU (0avgtext+0avgdata 3968maxresident)k
0inputs+0outputs (0major+239minor)pagefaults 0swaps
==================================================

./hsort sorting sorted list with 10000 items
0.00user 0.00system 0:00.00elapsed 71%CPU (0avgtext+0avgdata 3968maxresident)k
0inputs+0outputs (0major+237minor)pagefaults 0swaps
0.00user 0.00system 0:00.00elapsed 80%CPU (0avgtext+0avgdata 3968maxresident)k
0inputs+0outputs (0major+237minor)pagefaults 0swaps
0.00user 0.00system 0:00.00elapsed 100%CPU (0avgtext+0avgdata 3968maxresident)k
0inputs+0outputs (0major+238minor)pagefaults 0swaps
==================================================

./hsort sorting sorted list with 15000 items
0.00user 0.00system 0:00.00elapsed 87%CPU (0avgtext+0avgdata 3968maxresident)k
0inputs+0outputs (0major+237minor)pagefaults 0swaps
0.00user 0.00system 0:00.01elapsed 58%CPU (0avgtext+0avgdata 3968maxresident)k
0inputs+0outputs (0major+237minor)pagefaults 0swaps
0.00user 0.00system 0:00.00elapsed 75%CPU (0avgtext+0avgdata 3968maxresident)k
0inputs+0outputs (0major+237minor)pagefaults 0swaps
==================================================

./hsort sorting sorted list with 20000 items
0.00user 0.00system 0:00.01elapsed 90%CPU (0avgtext+0avgdata 3968maxresident)k
0inputs+0outputs (0major+238minor)pagefaults 0swaps
0.00user 0.00system 0:00.00elapsed 88%CPU (0avgtext+0avgdata 3968maxresident)k
0inputs+0outputs (0major+237minor)pagefaults 0swaps
0.00user 0.00system 0:00.01elapsed 90%CPU (0avgtext+0avgdata 3968maxresident)k
0inputs+0outputs (0major+236minor)pagefaults 0swaps
==================================================

./hsort sorting sorted list with 25000 items
0.00user 0.00system 0:00.01elapsed 90%CPU (0avgtext+0avgdata 3968maxresident)k
0inputs+0outputs (0major+238minor)pagefaults 0swaps
0.00user 0.00system 0:00.01elapsed 76%CPU (0avgtext+0avgdata 3968maxresident)k
0inputs+0outputs (0major+239minor)pagefaults 0swaps
0.01user 0.00system 0:00.01elapsed 78%CPU (0avgtext+0avgdata 3968maxresident)k
0inputs+0outputs (0major+238minor)pagefaults 0swaps
==================================================

./hsort sorting sorted list with 30000 items
0.01user 0.00system 0:00.01elapsed 77%CPU (0avgtext+0avgdata 3968maxresident)k
0inputs+0outputs (0major+237minor)pagefaults 0swaps
0.01user 0.00system 0:00.01elapsed 86%CPU (0avgtext+0avgdata 3968maxresident)k
0inputs+0outputs (0major+238minor)pagefaults 0swaps
0.01user 0.00system 0:00.01elapsed 100%CPU (0avgtext+0avgdata 3968maxresident)k
0inputs+0outputs (0major+238minor)pagefaults 0swaps
==================================================

./hsort sorting sorted list with 100000 items
0.03user 0.00system 0:00.04elapsed 97%CPU (0avgtext+0avgdata 3968maxresident)k
0inputs+0outputs (0major+238minor)pagefaults 0swaps
0.03user 0.00system 0:00.05elapsed 79%CPU (0avgtext+0avgdata 3968maxresident)k
0inputs+0outputs (0major+236minor)pagefaults 0swaps
0.03user 0.00system 0:00.04elapsed 95%CPU (0avgtext+0avgdata 3968maxresident)k
0inputs+0outputs (0major+238minor)pagefaults 0swaps