ssort random(1000)
=0.00+0.00 =0.00+0.00 =0.00+0.00 
=0.00+0.00 =0.00+0.00 =0.01+0.00 
=0.01+0.02 =0.03+0.00 =0.04+0.00 
=0.07+0.00 =0.08+0.00 =0.08+0.00 
=0.12+0.02 =0.12+0.01 =0.13+0.00 
=0.22+0.00 =0.21+0.00 =0.21+0.00 
=0.31+0.00 =0.30+0.00 =0.28+0.03 
=3.09+0.36 =3.06+0.38 =3.05+0.36 

ssort sorted(1000)
=0.00+0.00 =0.00+0.00 =0.00+0.00 
=0.00+0.00 =0.01+0.00 =0.01+0.00 
=0.04+0.00 =0.03+0.01 =0.04+0.00 
=0.09+0.01 =0.06+0.04 =0.10+0.01 
=0.15+0.02 =0.16+0.02 =0.18+0.01 
=0.25+0.03 =0.26+0.01 =0.27+0.00 
=0.41+0.02 =0.28+0.14 =0.37+0.01 
=4.46+0.03 =3.74+0.77 =4.55+0.05 

isort random(1000)
=0.00+0.00 =0.00+0.00 =0.00+0.00 
=0.00+0.00 =0.00+0.00 =0.00+0.00 
=0.02+0.00 =0.02+0.00 =0.02+0.00 
=0.05+0.00 =0.05+0.00 =0.05+0.00 
=0.09+0.00 =0.08+0.00 =0.08+0.00 
=0.13+0.01 =0.14+0.00 =0.14+0.00 
=0.19+0.00 =0.20+0.00 =0.20+0.00 
=1.89+0.31 =1.93+0.31 =1.96+0.23 

isort sorted(1000)
=0.00+0.00 =0.00+0.00 =0.00+0.00 
=0.00+0.00 =0.00+0.00 =0.00+0.00 
=0.00+0.00 =0.00+0.00 =0.00+0.00 
=0.00+0.00 =0.00+0.00 =0.00+0.00 
=0.00+0.00 =0.00+0.00 =0.00+0.00 
=0.00+0.00 =0.00+0.00 =0.00+0.00 
=0.00+0.00 =0.00+0.00 =0.00+0.00 
=0.02+0.00 =0.03+0.00 =0.01+0.01 

bsort random(1000)
=0.00+0.00 =0.00+0.00 =0.00+0.00 
=0.03+0.00 =0.03+0.00 =0.02+0.01 
=0.10+0.00 =0.12+0.00 =0.12+0.00 
=0.28+0.03 =0.30+0.03 =0.29+0.03 
=0.45+0.15 =0.50+0.11 =0.63+0.00 
=1.03+0.01 =1.04+0.00 =1.02+0.01 
=1.57+0.02 =1.47+0.11 =1.56+0.03 
=19.77+0.13 =15.34+3.09 =18.75+0.10 

bsort sorted(1000)
=0.00+0.00 =0.00+0.00 =0.00+0.00 
=0.00+0.00 =0.00+0.00 =0.00+0.00 
=0.00+0.00 =0.00+0.00 =0.00+0.00 
=0.00+0.00 =0.00+0.00 =0.00+0.00 
=0.00+0.00 =0.00+0.00 =0.00+0.00 
=0.01+0.00 =0.00+0.00 =0.00+0.00 
=0.00+0.00 =0.00+0.00 =0.00+0.00 
=0.01+0.01 =0.01+0.01 =0.03+0.01 

qsort random(1000)
=0.00+0.00 =0.00+0.00 =0.00+0.00 
=0.00+0.00 =0.00+0.00 =0.00+0.00 
=0.00+0.00 =0.00+0.00 =0.00+0.00 
=0.00+0.00 =0.00+0.00 =0.00+0.00 
=0.00+0.00 =0.00+0.00 =0.00+0.00 
=0.01+0.00 =0.00+0.00 =0.00+0.00 
=0.01+0.00 =0.01+0.00 =0.01+0.00 
=0.03+0.00 =0.02+0.01 =0.05+0.01 

qsort sorted(1000)
=0.00+0.00 =0.00+0.00 =0.00+0.00 
=0.00+0.00 =0.01+0.00 =0.00+0.00 
=0.01+0.01 =0.03+0.00 =0.02+0.01 
=0.04+0.03 =0.03+0.03 =0.08+0.00 
=0.22+0.00 =0.19+0.01 =0.20+0.00 
=0.31+0.00 =0.02+0.00 =0.00+0.00 
=0.15+0.15 =0.07+0.03 =0.29+0.00 
=3.22+0.14 =3.32+0.00 =3.32+0.01 

msort random(1000)
=0.00+0.00 =0.00+0.00 =0.00+0.00 
=0.00+0.00 =0.00+0.00 =0.00+0.00 
=0.00+0.00 =0.00+0.00 =0.00+0.00 
=0.00+0.00 =0.00+0.00 =0.00+0.00 
=0.00+0.00 =0.00+0.00 =0.00+0.00 
=0.00+0.00 =0.00+0.00 =0.01+0.00 
=0.01+0.00 =0.01+0.00 =0.00+0.00 
=0.03+0.00 =0.03+0.00 =0.03+0.00 

msort sorted(1000)
=0.00+0.00 =0.00+0.00 =0.00+0.00 
=0.00+0.00 =0.00+0.00 =0.00+0.00 
=0.00+0.00 =0.00+0.00 =0.00+0.00 
=0.00+0.00 =0.00+0.00 =0.00+0.00 
=0.00+0.00 =0.00+0.00 =0.00+0.00 
=0.00+0.00 =0.00+0.00 =0.00+0.00 
=0.00+0.00 =0.01+0.00 =0.00+0.00 
=0.01+0.02 =0.03+0.00 =0.02+0.00 

hsort random(1000)
=0.00+0.00 =0.00+0.00 =0.00+0.00 
=0.00+0.00 =0.00+0.00 =0.00+0.00 
=0.00+0.00 =0.00+0.00 =0.00+0.00 
=0.00+0.00 =0.00+0.00 =0.00+0.00 
=0.00+0.00 =0.00+0.00 =0.00+0.00 
=0.01+0.00 =0.01+0.00 =0.00+0.00 
=0.01+0.00 =0.01+0.00 =0.01+0.00 
=0.03+0.01 =0.03+0.01 =0.03+0.00 

hsort sorted(1000)
=0.00+0.00 =0.00+0.00 =0.00+0.00 
=0.00+0.00 =0.00+0.00 =0.00+0.00 
=0.00+0.00 =0.00+0.00 =0.00+0.00 
=0.00+0.00 =0.00+0.00 =0.00+0.00 
=0.00+0.00 =0.00+0.00 =0.00+0.00 
=0.00+0.00 =0.00+0.00 =0.01+0.00 
=0.01+0.00 =0.01+0.00 =0.01+0.00 
=0.03+0.00 =0.03+0.00 =0.03+0.00 